# JRE version: OpenJDK Runtime Environment (8.0_191-b12) (build 1.8.0_191-b12)
# Java VM: OpenJDK 64-Bit Server VM (25.191-b12 mixed mode linux-amd64 compressed oops)
Heap:
 PSYoungGen      total 376832K, used 0K [0x00000000d7580000, 0x0000000100000000, 0x0000000100000000)
  eden space 314880K, 0% used [0x00000000d7580000,0x00000000d7580000,0x00000000ea900000)
  from space 61952K, 0% used [0x00000000fc380000,0x00000000fc380000,0x0000000100000000)
  to   space 175616K, 0% used [0x00000000ea900000,0x00000000ea900000,0x00000000f5480000)
 ParOldGen       total 429568K, used 340646K [0x0000000086000000, 0x00000000a0380000, 0x00000000d7580000)
  object space 429568K, 79% used [0x0000000086000000,0x000000009aca9808,0x00000000a0380000)
 Metaspace       used 46415K, capacity 48566K, committed 48896K, reserved 1091584K
  class space    used 5573K, capacity 6358K, committed 6400K, reserved 1048576K
GC Heap History (37 events):
Event: 0.666 GC heap before
{Heap before GC invocations=1 (full 0):
 PSYoungGen      total 36352K, used 31232K [0x00000000d7580000, 0x00000000d9e00000, 0x0000000100000000)
  eden space 31232K, 100% used [0x00000000d7580000,0x00000000d9400000,0x00000000d9400000)
  from space 5120K, 0% used [0x00000000d9900000,0x00000000d9900000,0x00000000d9e00000)
  to   space 5120K, 0% used [0x00000000d9400000,0x00000000d9400000,0x00000000d9900000)
 ParOldGen       total 83456K, used 0K [0x0000000086000000, 0x000000008b180000, 0x00000000d7580000)
  object space 83456K, 0% used [0x0000000086000000,0x0000000086000000,0x000000008b180000)
 Metaspace       used 8333K, capacity 8476K, committed 8704K, reserved 1056768K
  class space    used 949K, capacity 1016K, committed 1024K, reserved 1048576K
Event: 0.673 GC heap after
Heap after GC invocations=1 (full 0):
 PSYoungGen      total 36352K, used 4427K [0x00000000d7580000, 0x00000000dbc80000, 0x0000000100000000)
  eden space 31232K, 0% used [0x00000000d7580000,0x00000000d7580000,0x00000000d9400000)
  from space 5120K, 86% used [0x00000000d9400000,0x00000000d9852fa8,0x00000000d9900000)
  to   space 5120K, 0% used [0x00000000db780000,0x00000000db780000,0x00000000dbc80000)
 ParOldGen       total 83456K, used 8K [0x0000000086000000, 0x000000008b180000, 0x00000000d7580000)
  object space 83456K, 0% used [0x0000000086000000,0x0000000086002000,0x000000008b180000)
 Metaspace       used 8333K, capacity 8476K, committed 8704K, reserved 1056768K
  class space    used 949K, capacity 1016K, committed 1024K, reserved 1048576K
}
Event: 0.955 GC heap before
{Heap before GC invocations=2 (full 0):
 PSYoungGen      total 36352K, used 35659K [0x00000000d7580000, 0x00000000dbc80000, 0x0000000100000000)
  eden space 31232K, 100% used [0x00000000d7580000,0x00000000d9400000,0x00000000d9400000)
  from space 5120K, 86% used [0x00000000d9400000,0x00000000d9852fa8,0x00000000d9900000)
  to   space 5120K, 0% used [0x00000000db780000,0x00000000db780000,0x00000000dbc80000)
 ParOldGen       total 83456K, used 8K [0x0000000086000000, 0x000000008b180000, 0x00000000d7580000)
  object space 83456K, 0% used [0x0000000086000000,0x0000000086002000,0x000000008b180000)
 Metaspace       used 11486K, capacity 11710K, committed 12032K, reserved 1060864K
  class space    used 1345K, capacity 1411K, committed 1536K, reserved 1048576K
Event: 0.962 GC heap after
Heap after GC invocations=2 (full 0):
 PSYoungGen      total 67584K, used 5090K [0x00000000d7580000, 0x00000000dbc80000, 0x0000000100000000)
  eden space 62464K, 0% used [0x00000000d7580000,0x00000000d7580000,0x00000000db280000)
  from space 5120K, 99% used [0x00000000db780000,0x00000000dbc78ae8,0x00000000dbc80000)
  to   space 5120K, 0% used [0x00000000db280000,0x00000000db280000,0x00000000db780000)
 ParOldGen       total 83456K, used 1005K [0x0000000086000000, 0x000000008b180000, 0x00000000d7580000)
  object space 83456K, 1% used [0x0000000086000000,0x00000000860fb570,0x000000008b180000)
 Metaspace       used 11486K, capacity 11710K, committed 12032K, reserved 1060864K
  class space    used 1345K, capacity 1411K, committed 1536K, reserved 1048576K
}
Event: 1.717 GC heap before
{Heap before GC invocations=3 (full 0):
 PSYoungGen      total 67584K, used 67554K [0x00000000d7580000, 0x00000000dbc80000, 0x0000000100000000)
  eden space 62464K, 100% used [0x00000000d7580000,0x00000000db280000,0x00000000db280000)
  from space 5120K, 99% used [0x00000000db780000,0x00000000dbc78ae8,0x00000000dbc80000)
  to   space 5120K, 0% used [0x00000000db280000,0x00000000db280000,0x00000000db780000)
 ParOldGen       total 83456K, used 1005K [0x0000000086000000, 0x000000008b180000, 0x00000000d7580000)
  object space 83456K, 1% used [0x0000000086000000,0x00000000860fb570,0x000000008b180000)
 Metaspace       used 15660K, capacity 15918K, committed 16000K, reserved 1062912K
  class space    used 1798K, capacity 1877K, committed 1920K, reserved 1048576K
Event: 1.731 GC heap after
Heap after GC invocations=3 (full 0):
 PSYoungGen      total 67584K, used 5104K [0x00000000d7580000, 0x00000000df980000, 0x0000000100000000)
  eden space 62464K, 0% used [0x00000000d7580000,0x00000000d7580000,0x00000000db280000)
  from space 5120K, 99% used [0x00000000db280000,0x00000000db77c030,0x00000000db780000)
  to   space 5120K, 0% used [0x00000000df480000,0x00000000df480000,0x00000000df980000)
 ParOldGen       total 83456K, used 6086K [0x0000000086000000, 0x000000008b180000, 0x00000000d7580000)
  object space 83456K, 7% used [0x0000000086000000,0x00000000865f1a68,0x000000008b180000)
 Metaspace       used 15660K, capacity 15918K, committed 16000K, reserved 1062912K
  class space    used 1798K, capacity 1877K, committed 1920K, reserved 1048576K
}
Event: 2.246 GC heap before
{Heap before GC invocations=4 (full 0):
 PSYoungGen      total 67584K, used 67568K [0x00000000d7580000, 0x00000000df980000, 0x0000000100000000)
  eden space 62464K, 100% used [0x00000000d7580000,0x00000000db280000,0x00000000db280000)
  from space 5120K, 99% used [0x00000000db280000,0x00000000db77c030,0x00000000db780000)
  to   space 5120K, 0% used [0x00000000df480000,0x00000000df480000,0x00000000df980000)
 ParOldGen       total 83456K, used 6086K [0x0000000086000000, 0x000000008b180000, 0x00000000d7580000)
  object space 83456K, 7% used [0x0000000086000000,0x00000000865f1a68,0x000000008b180000)
 Metaspace       used 16030K, capacity 16286K, committed 16512K, reserved 1064960K
  class space    used 1804K, capacity 1885K, committed 1920K, reserved 1048576K
Event: 2.258 GC heap after
Heap after GC invocations=4 (full 0):
 PSYoungGen      total 130048K, used 5104K [0x00000000d7580000, 0x00000000df980000, 0x0000000100000000)
  eden space 124928K, 0% used [0x00000000d7580000,0x00000000d7580000,0x00000000def80000)
  from space 5120K, 99% used [0x00000000df480000,0x00000000df97c030,0x00000000df980000)
  to   space 5120K, 0% used [0x00000000def80000,0x00000000def80000,0x00000000df480000)
 ParOldGen       total 83456K, used 10011K [0x0000000086000000, 0x000000008b180000, 0x00000000d7580000)
  object space 83456K, 11% used [0x0000000086000000,0x00000000869c6de0,0x000000008b180000)
 Metaspace       used 16030K, capacity 16286K, committed 16512K, reserved 1064960K
  class space    used 1804K, capacity 1885K, committed 1920K, reserved 1048576K
}
Event: 3.296 GC heap before
{Heap before GC invocations=5 (full 0):
 PSYoungGen      total 130048K, used 130032K [0x00000000d7580000, 0x00000000df980000, 0x0000000100000000)
  eden space 124928K, 100% used [0x00000000d7580000,0x00000000def80000,0x00000000def80000)
  from space 5120K, 99% used [0x00000000df480000,0x00000000df97c030,0x00000000df980000)
  to   space 5120K, 0% used [0x00000000def80000,0x00000000def80000,0x00000000df480000)
 ParOldGen       total 83456K, used 10011K [0x0000000086000000, 0x000000008b180000, 0x00000000d7580000)
  object space 83456K, 11% used [0x0000000086000000,0x00000000869c6de0,0x000000008b180000)
 Metaspace       used 17576K, capacity 17964K, committed 18304K, reserved 1064960K
  class space    used 1934K, capacity 2062K, committed 2176K, reserved 1048576K
Event: 3.309 GC heap after
Heap after GC invocations=5 (full 0):
 PSYoungGen      total 130048K, used 5088K [0x00000000d7580000, 0x00000000e8680000, 0x0000000100000000)
  eden space 124928K, 0% used [0x00000000d7580000,0x00000000d7580000,0x00000000def80000)
  from space 5120K, 99% used [0x00000000def80000,0x00000000df478040,0x00000000df480000)
  to   space 14848K, 0% used [0x00000000e7800000,0x00000000e7800000,0x00000000e8680000)
 ParOldGen       total 83456K, used 17615K [0x0000000086000000, 0x000000008b180000, 0x00000000d7580000)
  object space 83456K, 21% used [0x0000000086000000,0x0000000087133d88,0x000000008b180000)
 Metaspace       used 17576K, capacity 17964K, committed 18304K, reserved 1064960K
  class space    used 1934K, capacity 2062K, committed 2176K, reserved 1048576K
}
Event: 3.905 GC heap before
{Heap before GC invocations=6 (full 0):
 PSYoungGen      total 130048K, used 130008K [0x00000000d7580000, 0x00000000e8680000, 0x0000000100000000)
  eden space 124928K, 99% used [0x00000000d7580000,0x00000000def7e050,0x00000000def80000)
  from space 5120K, 99% used [0x00000000def80000,0x00000000df478040,0x00000000df480000)
  to   space 14848K, 0% used [0x00000000e7800000,0x00000000e7800000,0x00000000e8680000)
 ParOldGen       total 83456K, used 17615K [0x0000000086000000, 0x000000008b180000, 0x00000000d7580000)
  object space 83456K, 21% used [0x0000000086000000,0x0000000087133d88,0x000000008b180000)
 Metaspace       used 18687K, capacity 19188K, committed 19456K, reserved 1067008K
  class space    used 2073K, capacity 2238K, committed 2304K, reserved 1048576K
Event: 3.928 GC heap after
Heap after GC invocations=6 (full 0):
 PSYoungGen      total 262656K, used 7587K [0x00000000d7580000, 0x00000000e8480000, 0x0000000100000000)
  eden space 249856K, 0% used [0x00000000d7580000,0x00000000d7580000,0x00000000e6980000)
  from space 12800K, 59% used [0x00000000e7800000,0x00000000e7f68e80,0x00000000e8480000)
  to   space 13824K, 0% used [0x00000000e6980000,0x00000000e6980000,0x00000000e7700000)
 ParOldGen       total 83456K, used 17615K [0x0000000086000000, 0x000000008b180000, 0x00000000d7580000)
  object space 83456K, 21% used [0x0000000086000000,0x0000000087133d88,0x000000008b180000)
 Metaspace       used 18687K, capacity 19188K, committed 19456K, reserved 1067008K
  class space    used 2073K, capacity 2238K, committed 2304K, reserved 1048576K
}
Event: 4.818 GC heap before
{Heap before GC invocations=7 (full 0):
 PSYoungGen      total 262656K, used 257443K [0x00000000d7580000, 0x00000000e8480000, 0x0000000100000000)
  eden space 249856K, 100% used [0x00000000d7580000,0x00000000e6980000,0x00000000e6980000)
  from space 12800K, 59% used [0x00000000e7800000,0x00000000e7f68e80,0x00000000e8480000)
  to   space 13824K, 0% used [0x00000000e6980000,0x00000000e6980000,0x00000000e7700000)
 ParOldGen       total 83456K, used 17615K [0x0000000086000000, 0x000000008b180000, 0x00000000d7580000)
  object space 83456K, 21% used [0x0000000086000000,0x0000000087133d88,0x000000008b180000)
 Metaspace       used 18880K, capacity 19322K, committed 19456K, reserved 1067008K
  class space    used 2074K, capacity 2239K, committed 2304K, reserved 1048576K
Event: 4.835 GC heap after
Heap after GC invocations=7 (full 0):
 PSYoungGen      total 263680K, used 6864K [0x00000000d7580000, 0x00000000f7780000, 0x0000000100000000)
  eden space 249856K, 0% used [0x00000000d7580000,0x00000000d7580000,0x00000000e6980000)
  from space 13824K, 49% used [0x00000000e6980000,0x00000000e7034030,0x00000000e7700000)
  to   space 13312K, 0% used [0x00000000f6a80000,0x00000000f6a80000,0x00000000f7780000)
 ParOldGen       total 83456K, used 19115K [0x0000000086000000, 0x000000008b180000, 0x00000000d7580000)
  object space 83456K, 22% used [0x0000000086000000,0x00000000872aade8,0x000000008b180000)
 Metaspace       used 18880K, capacity 19322K, committed 19456K, reserved 1067008K
  class space    used 2074K, capacity 2239K, committed 2304K, reserved 1048576K
}
Event: 5.445 GC heap before
{Heap before GC invocations=8 (full 0):
 PSYoungGen      total 263680K, used 256720K [0x00000000d7580000, 0x00000000f7780000, 0x0000000100000000)
  eden space 249856K, 100% used [0x00000000d7580000,0x00000000e6980000,0x00000000e6980000)
  from space 13824K, 49% used [0x00000000e6980000,0x00000000e7034030,0x00000000e7700000)
  to   space 13312K, 0% used [0x00000000f6a80000,0x00000000f6a80000,0x00000000f7780000)
 ParOldGen       total 83456K, used 19115K [0x0000000086000000, 0x000000008b180000, 0x00000000d7580000)
  object space 83456K, 22% used [0x0000000086000000,0x00000000872aade8,0x000000008b180000)
 Metaspace       used 18960K, capacity 19456K, committed 19712K, reserved 1067008K
  class space    used 2076K, capacity 2240K, committed 2304K, reserved 1048576K
Event: 5.463 GC heap after
Heap after GC invocations=8 (full 0):
 PSYoungGen      total 512512K, used 4576K [0x00000000d7580000, 0x00000000f7880000, 0x0000000100000000)
  eden space 499200K, 0% used [0x00000000d7580000,0x00000000d7580000,0x00000000f5d00000)
  from space 13312K, 34% used [0x00000000f6a80000,0x00000000f6ef8000,0x00000000f7780000)
  to   space 13824K, 0% used [0x00000000f5d00000,0x00000000f5d00000,0x00000000f6a80000)
 ParOldGen       total 83456K, used 21285K [0x0000000086000000, 0x000000008b180000, 0x00000000d7580000)
  object space 83456K, 25% used [0x0000000086000000,0x00000000874c9628,0x000000008b180000)
 Metaspace       used 18960K, capacity 19456K, committed 19712K, reserved 1067008K
  class space    used 2076K, capacity 2240K, committed 2304K, reserved 1048576K
}
Event: 11.470 GC heap before
{Heap before GC invocations=9 (full 0):
 PSYoungGen      total 512512K, used 178540K [0x00000000d7580000, 0x00000000f7880000, 0x0000000100000000)
  eden space 499200K, 34% used [0x00000000d7580000,0x00000000e1f631a8,0x00000000f5d00000)
  from space 13312K, 34% used [0x00000000f6a80000,0x00000000f6ef8000,0x00000000f7780000)
  to   space 13824K, 0% used [0x00000000f5d00000,0x00000000f5d00000,0x00000000f6a80000)
 ParOldGen       total 83456K, used 21285K [0x0000000086000000, 0x000000008b180000, 0x00000000d7580000)
  object space 83456K, 25% used [0x0000000086000000,0x00000000874c9628,0x000000008b180000)
 Metaspace       used 20516K, capacity 21080K, committed 21248K, reserved 1069056K
  class space    used 2242K, capacity 2455K, committed 2560K, reserved 1048576K
Event: 11.480 GC heap after
Heap after GC invocations=9 (full 0):
 PSYoungGen      total 513024K, used 3911K [0x00000000d7580000, 0x0000000100000000, 0x0000000100000000)
  eden space 499200K, 0% used [0x00000000d7580000,0x00000000d7580000,0x00000000f5d00000)
  from space 13824K, 28% used [0x00000000f5d00000,0x00000000f60d1e30,0x00000000f6a80000)
  to   space 13824K, 0% used [0x00000000ff280000,0x00000000ff280000,0x0000000100000000)
 ParOldGen       total 83456K, used 23661K [0x0000000086000000, 0x000000008b180000, 0x00000000d7580000)
  object space 83456K, 28% used [0x0000000086000000,0x000000008771b628,0x000000008b180000)
 Metaspace       used 20516K, capacity 21080K, committed 21248K, reserved 1069056K
  class space    used 2242K, capacity 2455K, committed 2560K, reserved 1048576K
}
Event: 11.480 GC heap before
{Heap before GC invocations=10 (full 1):
 PSYoungGen      total 513024K, used 3911K [0x00000000d7580000, 0x0000000100000000, 0x0000000100000000)
  eden space 499200K, 0% used [0x00000000d7580000,0x00000000d7580000,0x00000000f5d00000)
  from space 13824K, 28% used [0x00000000f5d00000,0x00000000f60d1e30,0x00000000f6a80000)
  to   space 13824K, 0% used [0x00000000ff280000,0x00000000ff280000,0x0000000100000000)
 ParOldGen       total 83456K, used 23661K [0x0000000086000000, 0x000000008b180000, 0x00000000d7580000)
  object space 83456K, 28% used [0x0000000086000000,0x000000008771b628,0x000000008b180000)
 Metaspace       used 20516K, capacity 21080K, committed 21248K, reserved 1069056K
  class space    used 2242K, capacity 2455K, committed 2560K, reserved 1048576K
Event: 11.555 GC heap after
Heap after GC invocations=10 (full 1):
 PSYoungGen      total 513024K, used 0K [0x00000000d7580000, 0x0000000100000000, 0x0000000100000000)
  eden space 499200K, 0% used [0x00000000d7580000,0x00000000d7580000,0x00000000f5d00000)
  from space 13824K, 0% used [0x00000000f5d00000,0x00000000f5d00000,0x00000000f6a80000)
  to   space 13824K, 0% used [0x00000000ff280000,0x00000000ff280000,0x0000000100000000)
 ParOldGen       total 69632K, used 22394K [0x0000000086000000, 0x000000008a400000, 0x00000000d7580000)
  object space 69632K, 32% used [0x0000000086000000,0x00000000875de890,0x000000008a400000)
 Metaspace       used 20516K, capacity 21080K, committed 21248K, reserved 1069056K
  class space    used 2242K, capacity 2455K, committed 2560K, reserved 1048576K
}
Event: 14.749 GC heap before
{Heap before GC invocations=11 (full 1):
 PSYoungGen      total 513024K, used 446779K [0x00000000d7580000, 0x0000000100000000, 0x0000000100000000)
  eden space 499200K, 89% used [0x00000000d7580000,0x00000000f29ceeb0,0x00000000f5d00000)
  from space 13824K, 0% used [0x00000000f5d00000,0x00000000f5d00000,0x00000000f6a80000)
  to   space 13824K, 0% used [0x00000000ff280000,0x00000000ff280000,0x0000000100000000)
 ParOldGen       total 69632K, used 22394K [0x0000000086000000, 0x000000008a400000, 0x00000000d7580000)
  object space 69632K, 32% used [0x0000000086000000,0x00000000875de890,0x000000008a400000)
 Metaspace       used 33944K, capacity 35292K, committed 35416K, reserved 1081344K
  class space    used 4015K, capacity 4513K, committed 4608K, reserved 1048576K
Event: 14.777 GC heap after
Heap after GC invocations=11 (full 1):
 PSYoungGen      total 638976K, used 13800K [0x00000000d7580000, 0x0000000100000000, 0x0000000100000000)
  eden space 625152K, 0% used [0x00000000d7580000,0x00000000d7580000,0x00000000fd800000)
  from space 13824K, 99% used [0x00000000ff280000,0x00000000ffffa098,0x0000000100000000)
  to   space 20480K, 0% used [0x00000000fd800000,0x00000000fd800000,0x00000000fec00000)
 ParOldGen       total 69632K, used 35446K [0x0000000086000000, 0x000000008a400000, 0x00000000d7580000)
  object space 69632K, 50% used [0x0000000086000000,0x000000008829d838,0x000000008a400000)
 Metaspace       used 33944K, capacity 35292K, committed 35416K, reserved 1081344K
  class space    used 4015K, capacity 4513K, committed 4608K, reserved 1048576K
}
Event: 14.777 GC heap before
{Heap before GC invocations=12 (full 2):
 PSYoungGen      total 638976K, used 13800K [0x00000000d7580000, 0x0000000100000000, 0x0000000100000000)
  eden space 625152K, 0% used [0x00000000d7580000,0x00000000d7580000,0x00000000fd800000)
  from space 13824K, 99% used [0x00000000ff280000,0x00000000ffffa098,0x0000000100000000)
  to   space 20480K, 0% used [0x00000000fd800000,0x00000000fd800000,0x00000000fec00000)
 ParOldGen       total 69632K, used 35446K [0x0000000086000000, 0x000000008a400000, 0x00000000d7580000)
  object space 69632K, 50% used [0x0000000086000000,0x000000008829d838,0x000000008a400000)
 Metaspace       used 33944K, capacity 35292K, committed 35416K, reserved 1081344K
  class space    used 4015K, capacity 4513K, committed 4608K, reserved 1048576K
Event: 14.880 GC heap after
Heap after GC invocations=12 (full 2):
 PSYoungGen      total 638976K, used 0K [0x00000000d7580000, 0x0000000100000000, 0x0000000100000000)
  eden space 625152K, 0% used [0x00000000d7580000,0x00000000d7580000,0x00000000fd800000)
  from space 13824K, 0% used [0x00000000ff280000,0x00000000ff280000,0x0000000100000000)
  to   space 20480K, 0% used [0x00000000fd800000,0x00000000fd800000,0x00000000fec00000)
 ParOldGen       total 119296K, used 46430K [0x0000000086000000, 0x000000008d480000, 0x00000000d7580000)
  object space 119296K, 38% used [0x0000000086000000,0x0000000088d57b78,0x000000008d480000)
 Metaspace       used 33944K, capacity 35292K, committed 35416K, reserved 1081344K
  class space    used 4015K, capacity 4513K, committed 4608K, reserved 1048576K
}
Event: 436.401 GC heap before
{Heap before GC invocations=13 (full 2):
 PSYoungGen      total 638976K, used 625152K [0x00000000d7580000, 0x0000000100000000, 0x0000000100000000)
  eden space 625152K, 100% used [0x00000000d7580000,0x00000000fd800000,0x00000000fd800000)
  from space 13824K, 0% used [0x00000000ff280000,0x00000000ff280000,0x0000000100000000)
  to   space 20480K, 0% used [0x00000000fd800000,0x00000000fd800000,0x00000000fec00000)
 ParOldGen       total 119296K, used 46430K [0x0000000086000000, 0x000000008d480000, 0x00000000d7580000)
  object space 119296K, 38% used [0x0000000086000000,0x0000000088d57b78,0x000000008d480000)
 Metaspace       used 46101K, capacity 48228K, committed 48640K, reserved 1091584K
  class space    used 5542K, capacity 6291K, committed 6400K, reserved 1048576K
Event: 436.450 GC heap after
Heap after GC invocations=13 (full 2):
 PSYoungGen      total 645632K, used 20474K [0x00000000d7580000, 0x0000000100000000, 0x0000000100000000)
  eden space 625152K, 0% used [0x00000000d7580000,0x00000000d7580000,0x00000000fd800000)
  from space 20480K, 99% used [0x00000000fd800000,0x00000000febfeb78,0x00000000fec00000)
  to   space 20480K, 0% used [0x00000000fec00000,0x00000000fec00000,0x0000000100000000)
 ParOldGen       total 119296K, used 54491K [0x0000000086000000, 0x000000008d480000, 0x00000000d7580000)
  object space 119296K, 45% used [0x0000000086000000,0x0000000089536ee8,0x000000008d480000)
 Metaspace       used 46101K, capacity 48228K, committed 48640K, reserved 1091584K
  class space    used 5542K, capacity 6291K, committed 6400K, reserved 1048576K
}
Event: 440.192 GC heap before
{Heap before GC invocations=14 (full 2):
 PSYoungGen      total 645632K, used 638844K [0x00000000d7580000, 0x0000000100000000, 0x0000000100000000)
  eden space 625152K, 98% used [0x00000000d7580000,0x00000000fd160770,0x00000000fd800000)
  from space 20480K, 99% used [0x00000000fd800000,0x00000000febfeb78,0x00000000fec00000)
  to   space 20480K, 0% used [0x00000000fec00000,0x00000000fec00000,0x0000000100000000)
 ParOldGen       total 119296K, used 54491K [0x0000000086000000, 0x000000008d480000, 0x00000000d7580000)
  object space 119296K, 45% used [0x0000000086000000,0x0000000089536ee8,0x000000008d480000)
 Metaspace       used 46344K, capacity 48476K, committed 48640K, reserved 1091584K
  class space    used 5565K, capacity 6327K, committed 6400K, reserved 1048576K
Event: 440.405 GC heap after
Heap after GC invocations=14 (full 2):
 PSYoungGen      total 562688K, used 20462K [0x00000000d7580000, 0x0000000100000000, 0x0000000100000000)
  eden space 542208K, 0% used [0x00000000d7580000,0x00000000d7580000,0x00000000f8700000)
  from space 20480K, 99% used [0x00000000fec00000,0x00000000ffffbac0,0x0000000100000000)
  to   space 61952K, 0% used [0x00000000f8700000,0x00000000f8700000,0x00000000fc380000)
 ParOldGen       total 145408K, used 145180K [0x0000000086000000, 0x000000008ee00000, 0x00000000d7580000)
  object space 145408K, 99% used [0x0000000086000000,0x000000008edc70f0,0x000000008ee00000)
 Metaspace       used 46344K, capacity 48476K, committed 48640K, reserved 1091584K
  class space    used 5565K, capacity 6327K, committed 6400K, reserved 1048576K
}
Event: 440.405 GC heap before
{Heap before GC invocations=15 (full 3):
 PSYoungGen      total 562688K, used 20462K [0x00000000d7580000, 0x0000000100000000, 0x0000000100000000)
  eden space 542208K, 0% used [0x00000000d7580000,0x00000000d7580000,0x00000000f8700000)
  from space 20480K, 99% used [0x00000000fec00000,0x00000000ffffbac0,0x0000000100000000)
  to   space 61952K, 0% used [0x00000000f8700000,0x00000000f8700000,0x00000000fc380000)
 ParOldGen       total 145408K, used 145180K [0x0000000086000000, 0x000000008ee00000, 0x00000000d7580000)
  object space 145408K, 99% used [0x0000000086000000,0x000000008edc70f0,0x000000008ee00000)
 Metaspace       used 46344K, capacity 48476K, committed 48640K, reserved 1091584K
  class space    used 5565K, capacity 6327K, committed 6400K, reserved 1048576K
Event: 440.741 GC heap after
Heap after GC invocations=15 (full 3):
 PSYoungGen      total 562688K, used 0K [0x00000000d7580000, 0x0000000100000000, 0x0000000100000000)
  eden space 542208K, 0% used [0x00000000d7580000,0x00000000d7580000,0x00000000f8700000)
  from space 20480K, 0% used [0x00000000fec00000,0x00000000fec00000,0x0000000100000000)
  to   space 61952K, 0% used [0x00000000f8700000,0x00000000f8700000,0x00000000fc380000)
 ParOldGen       total 258560K, used 138992K [0x0000000086000000, 0x0000000095c80000, 0x00000000d7580000)
  object space 258560K, 53% used [0x0000000086000000,0x000000008e7bc020,0x0000000095c80000)
 Metaspace       used 46340K, capacity 48470K, committed 48640K, reserved 1091584K
  class space    used 5564K, capacity 6326K, committed 6400K, reserved 1048576K
}
Event: 446.450 GC heap before
{Heap before GC invocations=16 (full 3):
 PSYoungGen      total 562688K, used 542208K [0x00000000d7580000, 0x0000000100000000, 0x0000000100000000)
  eden space 542208K, 100% used [0x00000000d7580000,0x00000000f8700000,0x00000000f8700000)
  from space 20480K, 0% used [0x00000000fec00000,0x00000000fec00000,0x0000000100000000)
  to   space 61952K, 0% used [0x00000000f8700000,0x00000000f8700000,0x00000000fc380000)
 ParOldGen       total 258560K, used 138992K [0x0000000086000000, 0x0000000095c80000, 0x00000000d7580000)
  object space 258560K, 53% used [0x0000000086000000,0x000000008e7bc020,0x0000000095c80000)
 Metaspace       used 46389K, capacity 48566K, committed 48896K, reserved 1091584K
  class space    used 5571K, capacity 6358K, committed 6400K, reserved 1048576K
Event: 446.695 GC heap after
Heap after GC invocations=16 (full 3):
 PSYoungGen      total 604160K, used 61942K [0x00000000d7580000, 0x0000000100000000, 0x0000000100000000)
  eden space 542208K, 0% used [0x00000000d7580000,0x00000000d7580000,0x00000000f8700000)
  from space 61952K, 99% used [0x00000000f8700000,0x00000000fc37daa0,0x00000000fc380000)
  to   space 61952K, 0% used [0x00000000fc380000,0x00000000fc380000,0x0000000100000000)
 ParOldGen       total 263168K, used 263160K [0x0000000086000000, 0x0000000096100000, 0x00000000d7580000)
  object space 263168K, 99% used [0x0000000086000000,0x00000000960fe298,0x0000000096100000)
 Metaspace       used 46389K, capacity 48566K, committed 48896K, reserved 1091584K
  class space    used 5571K, capacity 6358K, committed 6400K, reserved 1048576K
}
Event: 446.695 GC heap before
{Heap before GC invocations=17 (full 4):
 PSYoungGen      total 604160K, used 61942K [0x00000000d7580000, 0x0000000100000000, 0x0000000100000000)
  eden space 542208K, 0% used [0x00000000d7580000,0x00000000d7580000,0x00000000f8700000)
  from space 61952K, 99% used [0x00000000f8700000,0x00000000fc37daa0,0x00000000fc380000)
  to   space 61952K, 0% used [0x00000000fc380000,0x00000000fc380000,0x0000000100000000)
 ParOldGen       total 263168K, used 263160K [0x0000000086000000, 0x0000000096100000, 0x00000000d7580000)
  object space 263168K, 99% used [0x0000000086000000,0x00000000960fe298,0x0000000096100000)
 Metaspace       used 46389K, capacity 48566K, committed 48896K, reserved 1091584K
  class space    used 5571K, capacity 6358K, committed 6400K, reserved 1048576K
Event: 447.097 GC heap after
Heap after GC invocations=17 (full 4):
 PSYoungGen      total 604160K, used 46027K [0x00000000d7580000, 0x0000000100000000, 0x0000000100000000)
  eden space 542208K, 0% used [0x00000000d7580000,0x00000000d7580000,0x00000000f8700000)
  from space 61952K, 74% used [0x00000000f8700000,0x00000000fb3f2e88,0x00000000fc380000)
  to   space 61952K, 0% used [0x00000000fc380000,0x00000000fc380000,0x0000000100000000)
 ParOldGen       total 429568K, used 248511K [0x0000000086000000, 0x00000000a0380000, 0x00000000d7580000)
  object space 429568K, 57% used [0x0000000086000000,0x00000000952afde0,0x00000000a0380000)
 Metaspace       used 46389K, capacity 48566K, committed 48896K, reserved 1091584K
  class space    used 5571K, capacity 6358K, committed 6400K, reserved 1048576K
}
Event: 455.301 GC heap before
{Heap before GC invocations=18 (full 4):
 PSYoungGen      total 604160K, used 588235K [0x00000000d7580000, 0x0000000100000000, 0x0000000100000000)
  eden space 542208K, 100% used [0x00000000d7580000,0x00000000f8700000,0x00000000f8700000)
  from space 61952K, 74% used [0x00000000f8700000,0x00000000fb3f2e88,0x00000000fc380000)
  to   space 61952K, 0% used [0x00000000fc380000,0x00000000fc380000,0x0000000100000000)
 ParOldGen       total 429568K, used 248511K [0x0000000086000000, 0x00000000a0380000, 0x00000000d7580000)
  object space 429568K, 57% used [0x0000000086000000,0x00000000952afde0,0x00000000a0380000)
 Metaspace       used 46415K, capacity 48566K, committed 48896K, reserved 1091584K
  class space    used 5573K, capacity 6358K, committed 6400K, reserved 1048576K
Event: 455.582 GC heap after
Heap after GC invocations=18 (full 4):
 PSYoungGen      total 376832K, used 61936K [0x00000000d7580000, 0x0000000100000000, 0x0000000100000000)
  eden space 314880K, 0% used [0x00000000d7580000,0x00000000d7580000,0x00000000ea900000)
  from space 61952K, 99% used [0x00000000fc380000,0x00000000ffffc2d0,0x0000000100000000)
  to   space 175616K, 0% used [0x00000000ea900000,0x00000000ea900000,0x00000000f5480000)
 ParOldGen       total 429568K, used 399473K [0x0000000086000000, 0x00000000a0380000, 0x00000000d7580000)
  object space 429568K, 92% used [0x0000000086000000,0x000000009e61c6f8,0x00000000a0380000)
 Metaspace       used 46415K, capacity 48566K, committed 48896K, reserved 1091584K
  class space    used 5573K, capacity 6358K, committed 6400K, reserved 1048576K
}
Event: 455.582 GC heap before
{Heap before GC invocations=19 (full 5):
 PSYoungGen      total 376832K, used 61936K [0x00000000d7580000, 0x0000000100000000, 0x0000000100000000)
  eden space 314880K, 0% used [0x00000000d7580000,0x00000000d7580000,0x00000000ea900000)
  from space 61952K, 99% used [0x00000000fc380000,0x00000000ffffc2d0,0x0000000100000000)
  to   space 175616K, 0% used [0x00000000ea900000,0x00000000ea900000,0x00000000f5480000)
 ParOldGen       total 429568K, used 399473K [0x0000000086000000, 0x00000000a0380000, 0x00000000d7580000)
  object space 429568K, 92% used [0x0000000086000000,0x000000009e61c6f8,0x00000000a0380000)
 Metaspace       used 46415K, capacity 48566K, committed 48896K, reserved 1091584K
  class space    used 5573K, capacity 6358K, committed 6400K, reserved 1048576K

